2025-08-08 18:44:10 [HTTP]: DELETE /api/slots/slots/6895f7a8c91aefbc7e393734 200 35 - 26.075 ms
2025-08-08 18:44:10 [HTTP]: GET /api/slots/slots/68944e66bd34817ccbaeca98 200 2 - 12.396 ms
2025-08-08 18:44:13 [INFO]: creating new time slot......
2025-08-08 18:44:13 [HTTP]: POST /api/slots/slots 201 35 - 11.917 ms
2025-08-08 18:44:13 [HTTP]: GET /api/slots/slots/68944e66bd34817ccbaeca98 200 348 - 5.561 ms
2025-08-08 18:45:08 [HTTP]: DELETE /api/slots/slots/6895f825af0d362c744e04a2 200 35 - 7.982 ms
2025-08-08 18:45:08 [HTTP]: GET /api/slots/slots/68944e66bd34817ccbaeca98 200 2 - 5.918 ms
2025-08-08 19:19:05 [HTTP]: GET /api/admin/verification-list?page=1&limit=10 401 32 - 7.727 ms
2025-08-08 19:19:05 [HTTP]: POST /api/auth/refresh-token 200 25 - 78.359 ms
2025-08-08 19:19:05 [HTTP]: GET /api/admin/verification-list?page=1&limit=10 200 56 - 49.378 ms
2025-08-08 19:19:08 [HTTP]: GET /api/admin/verification-list?page=1&limit=10 304 - - 209.238 ms
2025-08-08 19:19:14 [HTTP]: GET /api/admin/verification-list?page=1&limit=10 304 - - 97.930 ms
2025-08-08 19:19:16 [HTTP]: GET /api/admin/verification-list?page=1&limit=10 304 - - 10.146 ms
2025-08-08 19:24:21 [HTTP]: GET /api/admin/verification-list?page=1&limit=10 304 - - 3.055 ms
2025-08-08 19:24:23 [HTTP]: GET /api/admin/users?page=1&limit=10 200 581 - 7.378 ms
2025-08-08 19:26:55 [[35MHTTP[39M]: [35mGET /api/admin/users?page=1&limit=10 304 - - 19.454 ms[39m
2025-08-08 19:27:08 [[35MHTTP[39M]: [35mGET /api/slots/slots/68944e66bd34817ccbaeca98 401 32 - 0.778 ms[39m
2025-08-08 19:27:14 [[35MHTTP[39M]: [35mPOST /api/slots/slots 401 32 - 0.351 ms[39m
2025-08-08 19:27:20 [[35MHTTP[39M]: [35mPOST /api/slots/slots 401 32 - 0.504 ms[39m
2025-08-08 19:27:21 [[35MHTTP[39M]: [35mPOST /api/slots/slots 401 32 - 0.233 ms[39m
2025-08-08 19:27:39 [[35MHTTP[39M]: [35mPOST /api/slots/slots 401 32 - 0.271 ms[39m
2025-08-08 19:27:42 [[35MHTTP[39M]: [35mPOST /api/slots/slots 401 32 - 0.323 ms[39m
2025-08-08 19:27:43 [[35MHTTP[39M]: [35mPOST /api/slots/slots 401 32 - 0.242 ms[39m
2025-08-08 19:27:45 [[35MHTTP[39M]: [35mPOST /api/slots/slots 401 32 - 0.215 ms[39m
2025-08-08 19:28:44 [[35MHTTP[39M]: [35mPOST /api/slots/slots 401 32 - 1.519 ms[39m
2025-08-08 19:28:45 [[35MHTTP[39M]: [35mPOST /api/slots/slots 401 32 - 0.665 ms[39m
2025-08-08 19:28:45 [[35MHTTP[39M]: [35mPOST /api/slots/slots 401 32 - 0.492 ms[39m
2025-08-08 19:28:45 [[35MHTTP[39M]: [35mPOST /api/slots/slots 401 32 - 0.429 ms[39m
2025-08-08 19:30:52 [[35MHTTP[39M]: [35mGET /api/admin/users?page=1&limit=10 304 - - 13.560 ms[39m
2025-08-08 19:30:55 [[35MHTTP[39M]: [35mGET /api/admin/users?page=1&limit=10 304 - - 15.200 ms[39m
2025-08-08 19:31:03 [[35MHTTP[39M]: [35mGET /api/admin/users?page=1&limit=10 304 - - 4.684 ms[39m
2025-08-08 19:31:10 [[35MHTTP[39M]: [35mGET /api/slots/slots/68944e66bd34817ccbaeca98 401 32 - 0.725 ms[39m
2025-08-08 19:31:11 [[35MHTTP[39M]: [35mGET /api/slots/slots/68944e66bd34817ccbaeca98 401 32 - 0.346 ms[39m
2025-08-08 19:31:12 [[35MHTTP[39M]: [35mGET /api/slots/slots/68944e66bd34817ccbaeca98 401 32 - 1.489 ms[39m
2025-08-08 19:31:47 [[35MHTTP[39M]: [35mGET /api/admin/users?page=1&limit=10 304 - - 13.204 ms[39m
2025-08-08 19:31:48 [[35MHTTP[39M]: [35mGET /api/admin/users?page=1&limit=10 304 - - 9.933 ms[39m
2025-08-08 19:31:48 [[35MHTTP[39M]: [35mGET /api/slots/slots/68944e66bd34817ccbaeca98 401 32 - 0.417 ms[39m
2025-08-08 19:31:48 [[35MHTTP[39M]: [35mGET /api/admin/users?page=1&limit=10 304 - - 7.864 ms[39m
2025-08-08 19:31:49 [[35MHTTP[39M]: [35mGET /api/slots/slots/68944e66bd34817ccbaeca98 401 32 - 0.283 ms[39m
2025-08-08 19:31:51 [[35MHTTP[39M]: [35mGET /api/admin/users?page=1&limit=10 304 - - 4.208 ms[39m
2025-08-08 19:31:52 [[35MHTTP[39M]: [35mGET /api/slots/slots/68944e66bd34817ccbaeca98 401 32 - 0.932 ms[39m
2025-08-08 19:31:53 [[35MHTTP[39M]: [35mGET /api/admin/users?page=1&limit=10 304 - - 4.781 ms[39m
2025-08-08 19:31:54 [[35MHTTP[39M]: [35mGET /api/slots/slots/68944e66bd34817ccbaeca98 401 32 - 0.781 ms[39m
2025-08-08 19:31:55 [[35MHTTP[39M]: [35mGET /api/admin/users?page=1&limit=10 304 - - 36.761 ms[39m
2025-08-08 19:31:56 [[35MHTTP[39M]: [35mGET /api/slots/slots/68944e66bd34817ccbaeca98 401 32 - 0.582 ms[39m
2025-08-08 19:31:56 [[35MHTTP[39M]: [35mGET /api/admin/users?page=1&limit=10 304 - - 5.308 ms[39m
2025-08-08 19:31:58 [[35MHTTP[39M]: [35mGET /api/admin/users?page=1&limit=10 304 - - 15.927 ms[39m
2025-08-08 19:32:04 [[35MHTTP[39M]: [35mGET /api/admin/users?page=1&limit=10 304 - - 5.603 ms[39m
2025-08-08 19:32:05 [[35MHTTP[39M]: [35mGET /api/admin/users?page=1&limit=10 304 - - 6.129 ms[39m
2025-08-08 19:32:06 [[35MHTTP[39M]: [35mGET /api/slots/slots/68944e66bd34817ccbaeca98 401 32 - 0.277 ms[39m
2025-08-08 19:32:11 [[35MHTTP[39M]: [35mGET /api/slots/slots/68944e66bd34817ccbaeca98 401 32 - 0.273 ms[39m
2025-08-08 19:32:18 [[35MHTTP[39M]: [35mGET /api/slots/slots/68944e66bd34817ccbaeca98 401 32 - 0.234 ms[39m
2025-08-08 19:32:20 [[35MHTTP[39M]: [35mGET /api/slots/slots/68944e66bd34817ccbaeca98 401 32 - 6.078 ms[39m
2025-08-08 19:32:23 [[35MHTTP[39M]: [35mGET /api/slots/slots/68944e66bd34817ccbaeca98 401 32 - 0.827 ms[39m
2025-08-08 19:32:32 [[35MHTTP[39M]: [35mPOST /api/slots/slots 401 32 - 0.316 ms[39m
2025-08-08 19:32:51 [[35MHTTP[39M]: [35mGET /api/slots/slots/68944e66bd34817ccbaeca98 401 32 - 0.368 ms[39m
2025-08-08 19:32:54 [[35MHTTP[39M]: [35mGET /api/slots/slots/68944e66bd34817ccbaeca98 401 32 - 0.248 ms[39m
2025-08-08 19:32:55 [[35MHTTP[39M]: [35mGET /api/slots/slots/68944e66bd34817ccbaeca98 401 32 - 0.461 ms[39m
2025-08-08 19:32:55 [[35MHTTP[39M]: [35mPOST /api/auth 404 148 - 14.057 ms[39m
2025-08-08 19:32:57 [[35MHTTP[39M]: [35mGET /api/slots/slots/68944e66bd34817ccbaeca98 401 32 - 0.307 ms[39m
2025-08-08 19:32:58 [[35MHTTP[39M]: [35mPOST /api/auth/refre 404 154 - 2.026 ms[39m
2025-08-08 19:32:59 [[35MHTTP[39M]: [35mGET /api/slots/slots/68944e66bd34817ccbaeca98 401 32 - 1.102 ms[39m
2025-08-08 19:33:00 [[35MHTTP[39M]: [35mPOST /api/auth/refresh_ 404 157 - 1.073 ms[39m
2025-08-08 19:33:01 [[35MHTTP[39M]: [35mGET /api/slots/slots/68944e66bd34817ccbaeca98 401 32 - 0.546 ms[39m
2025-08-08 19:33:01 [[35MHTTP[39M]: [35mPOST /api/auth/refresh_tojken 404 163 - 0.587 ms[39m
2025-08-08 19:33:10 [[35MHTTP[39M]: [35mGET /api/slots/slots/68944e66bd34817ccbaeca98 401 32 - 0.596 ms[39m
2025-08-08 19:33:10 [[35MHTTP[39M]: [35mPOST /api/auth 404 148 - 0.840 ms[39m
2025-08-08 19:33:11 [[35MHTTP[39M]: [35mGET /api/slots/slots/68944e66bd34817ccbaeca98 401 32 - 0.685 ms[39m
2025-08-08 19:33:11 [[35MHTTP[39M]: [35mPOST /api 404 143 - 0.762 ms[39m
2025-08-08 19:33:11 [[35MHTTP[39M]: [35mGET /api/slots/slots/68944e66bd34817ccbaeca98 401 32 - 0.431 ms[39m
2025-08-08 19:33:12 [[35MHTTP[39M]: [35mPOST /api/auth/refresh-token 200 25 - 79.671 ms[39m
2025-08-08 19:33:12 [[35MHTTP[39M]: [35mGET /api/slots/slots/68944e66bd34817ccbaeca98 304 - - 21.218 ms[39m
2025-08-08 19:33:13 [[35MHTTP[39M]: [35mGET /api/slots/slots/68944e66bd34817ccbaeca98 304 - - 6.619 ms[39m
2025-08-08 19:33:16 [[32MINFO[39M]: [32mcreating new time slot......[39m
2025-08-08 19:33:16 [[32MINFO[39M]: [32mtime slot data is comming from the back end[39m
2025-08-08 19:33:16 [[35MHTTP[39M]: [35mPOST /api/slots/slots 201 35 - 48.093 ms[39m
2025-08-08 19:33:16 [[35MHTTP[39M]: [35mGET /api/slots/slots/68944e66bd34817ccbaeca98 200 348 - 9.036 ms[39m
2025-08-08 19:34:17 [[35MHTTP[39M]: [35mGET /api/slots/slots/68944e66bd34817ccbaeca98 304 - - 9.935 ms[39m
2025-08-08 19:34:18 [[35MHTTP[39M]: [35mGET /api/slots/slots/68944e66bd34817ccbaeca98 304 - - 5.431 ms[39m
2025-08-08 19:34:19 [[35MHTTP[39M]: [35mGET /api/slots/slots/68944e66bd34817ccbaeca98 304 - - 9.921 ms[39m
2025-08-08 19:34:22 [[35MHTTP[39M]: [35mGET /api/slots/slots/68944e66bd34817ccbaeca98 304 - - 188.776 ms[39m
2025-08-08 19:34:22 [[35MHTTP[39M]: [35mGET /api/slots/slots/68944e66bd34817ccbaeca98 304 - - 14.314 ms[39m
2025-08-08 19:34:50 [[35MHTTP[39M]: [35mGET /api/slots/slots/68944e66bd34817ccbaeca98 304 - - 7.086 ms[39m
2025-08-08 19:35:14 [[35MHTTP[39M]: [35mGET /api/slots/slots/68944e66bd34817ccbaeca98 304 - - 9.917 ms[39m
2025-08-08 19:35:18 [[35MHTTP[39M]: [35mGET /api/slots/slots/68944e66bd34817ccbaeca98 304 - - 8.339 ms[39m
2025-08-08 19:35:46 [[35MHTTP[39M]: [35mGET /api/slots/slots/68944e66bd34817ccbaeca98 304 - - 31.532 ms[39m
2025-08-08 19:36:32 [[35MHTTP[39M]: [35mGET /api/slots/slots/68944e66bd34817ccbaeca98 304 - - 35.098 ms[39m
2025-08-08 19:36:40 [[35MHTTP[39M]: [35mGET /api/slots/slots/68944e66bd34817ccbaeca98 304 - - 6.164 ms[39m
2025-08-08 19:36:42 [[35MHTTP[39M]: [35mGET /api/slots/slots/68944e66bd34817ccbaeca98 304 - - 9.454 ms[39m
2025-08-08 19:36:43 [[35MHTTP[39M]: [35mGET /api/slots/slots/68944e66bd34817ccbaeca98 304 - - 9.705 ms[39m
2025-08-08 19:36:44 [[35MHTTP[39M]: [35mGET /api/slots/slots/68944e66bd34817ccbaeca98 304 - - 9.903 ms[39m
2025-08-08 19:36:51 [[35MHTTP[39M]: [35mGET /api/slots/slots/68944e66bd34817ccbaeca98 304 - - 5.584 ms[39m
2025-08-08 19:36:52 [[35MHTTP[39M]: [35mGET /api/slots/slots/68944e66bd34817ccbaeca98 304 - - 11.019 ms[39m
2025-08-08 19:36:53 [[35MHTTP[39M]: [35mGET /api/slots/slots/68944e66bd34817ccbaeca98 304 - - 8.441 ms[39m
2025-08-08 19:36:54 [[35MHTTP[39M]: [35mGET /api/slots/slots/68944e66bd34817ccbaeca98 304 - - 10.080 ms[39m
2025-08-08 19:37:04 [[35MHTTP[39M]: [35mGET /api/slots/slots/68944e66bd34817ccbaeca98 304 - - 5.391 ms[39m
2025-08-08 19:37:37 [[35MHTTP[39M]: [35mGET /api/slots/slots/68944e66bd34817ccbaeca98 304 - - 29.174 ms[39m
2025-08-08 19:37:45 [[35MHTTP[39M]: [35mGET /api/slots/slots/68944e66bd34817ccbaeca98 304 - - 5.818 ms[39m
2025-08-08 19:37:46 [[35MHTTP[39M]: [35mGET /api/slots/slots/68944e66bd34817ccbaeca98 304 - - 6.510 ms[39m
2025-08-08 19:37:47 [[35MHTTP[39M]: [35mGET /api/slots/slots/68944e66bd34817ccbaeca98 304 - - 8.452 ms[39m
2025-08-08 19:37:47 [[35MHTTP[39M]: [35mGET /api/slots/slots/68944e66bd34817ccbaeca98 304 - - 12.422 ms[39m
2025-08-08 19:37:49 [[35MHTTP[39M]: [35mGET /api/slots/slots/68944e66bd34817ccbaeca98 304 - - 6.264 ms[39m
2025-08-08 19:37:53 [[35MHTTP[39M]: [35mGET /api/slots/slots/68944e66bd34817ccbaeca98 304 - - 11.105 ms[39m
2025-08-08 19:37:56 [[35MHTTP[39M]: [35mGET /api/slots/slots/68944e66bd34817ccbaeca98 304 - - 5.100 ms[39m
2025-08-08 19:37:57 [[35MHTTP[39M]: [35mGET /api/slots/slots/68944e66bd34817ccbaeca98 304 - - 20.850 ms[39m
2025-08-08 19:37:58 [[35MHTTP[39M]: [35mGET /api/slots/slots/68944e66bd34817ccbaeca98 304 - - 7.756 ms[39m
2025-08-08 19:37:59 [[35MHTTP[39M]: [35mGET /api/slots/slots/68944e66bd34817ccbaeca98 304 - - 27.752 ms[39m
2025-08-08 19:38:00 [[35MHTTP[39M]: [35mGET /api/slots/slots/68944e66bd34817ccbaeca98 304 - - 19.312 ms[39m
2025-08-08 19:38:03 [[35MHTTP[39M]: [35mGET /api/slots/slots/68944e66bd34817ccbaeca98 304 - - 8.244 ms[39m
2025-08-08 19:38:05 [[35MHTTP[39M]: [35mGET /api/slots/slots/68944e66bd34817ccbaeca98 304 - - 5.137 ms[39m
2025-08-08 19:38:06 [[35MHTTP[39M]: [35mGET /api/slots/slots/68944e66bd34817ccbaeca98 304 - - 20.318 ms[39m
2025-08-08 19:38:08 [[35MHTTP[39M]: [35mGET /api/slots/slots/68944e66bd34817ccbaeca98 304 - - 6.159 ms[39m
2025-08-08 19:38:09 [[35MHTTP[39M]: [35mGET /api/slots/slots/68944e66bd34817ccbaeca98 304 - - 20.238 ms[39m
2025-08-08 19:38:10 [[35MHTTP[39M]: [35mGET /api/slots/slots/68944e66bd34817ccbaeca98 304 - - 7.676 ms[39m
2025-08-08 19:38:11 [[35MHTTP[39M]: [35mGET /api/slots/slots/68944e66bd34817ccbaeca98 304 - - 10.466 ms[39m
2025-08-08 19:38:33 [[35MHTTP[39M]: [35mGET /api/slots/slots/68944e66bd34817ccbaeca98 304 - - 7.517 ms[39m
2025-08-08 19:38:35 [[35MHTTP[39M]: [35mGET /api/slots/slots/68944e66bd34817ccbaeca98 304 - - 8.359 ms[39m
2025-08-08 19:38:36 [[35MHTTP[39M]: [35mGET /api/slots/slots/68944e66bd34817ccbaeca98 304 - - 6.044 ms[39m
2025-08-08 19:38:37 [[35MHTTP[39M]: [35mGET /api/slots/slots/68944e66bd34817ccbaeca98 304 - - 7.292 ms[39m
2025-08-08 19:38:38 [[35MHTTP[39M]: [35mGET /api/slots/slots/68944e66bd34817ccbaeca98 304 - - 6.349 ms[39m
2025-08-08 19:38:38 [[35MHTTP[39M]: [35mGET /api/slots/slots/68944e66bd34817ccbaeca98 304 - - 15.139 ms[39m
2025-08-08 19:38:39 [[35MHTTP[39M]: [35mGET /api/slots/slots/68944e66bd34817ccbaeca98 304 - - 4.424 ms[39m
2025-08-08 19:38:40 [[35MHTTP[39M]: [35mGET /api/slots/slots/68944e66bd34817ccbaeca98 304 - - 9.844 ms[39m
2025-08-08 19:38:41 [[35MHTTP[39M]: [35mGET /api/slots/slots/68944e66bd34817ccbaeca98 304 - - 9.254 ms[39m
2025-08-08 19:38:42 [[35MHTTP[39M]: [35mGET /api/slots/slots/68944e66bd34817ccbaeca98 304 - - 9.508 ms[39m
2025-08-08 19:38:47 [[35MHTTP[39M]: [35mGET /api/slots/slots/68944e66bd34817ccbaeca98 304 - - 8.145 ms[39m
2025-08-08 19:38:48 [[35MHTTP[39M]: [35mGET /api/slots/slots/68944e66bd34817ccbaeca98 304 - - 9.976 ms[39m
2025-08-08 19:38:49 [[35MHTTP[39M]: [35mGET /api/slots/slots/68944e66bd34817ccbaeca98 304 - - 8.527 ms[39m
2025-08-08 19:38:51 [[35MHTTP[39M]: [35mGET /api/slots/slots/68944e66bd34817ccbaeca98 304 - - 4.381 ms[39m
2025-08-08 19:38:58 [[35MHTTP[39M]: [35mGET /api/slots/slots/68944e66bd34817ccbaeca98 304 - - 194.488 ms[39m
2025-08-08 19:39:09 [[35MHTTP[39M]: [35mGET /api/slots/slots/68944e66bd34817ccbaeca98 304 - - 34.248 ms[39m
2025-08-08 19:39:11 [[35MHTTP[39M]: [35mGET /api/slots/slots/68944e66bd34817ccbaeca98 304 - - 10.396 ms[39m
2025-08-08 19:39:12 [[35MHTTP[39M]: [35mGET /api/slots/slots/68944e66bd34817ccbaeca98 304 - - 5.848 ms[39m
2025-08-08 19:39:30 [[35MHTTP[39M]: [35mGET /api/admin/users?page=1&limit=10 401 32 - 1.279 ms[39m
2025-08-08 19:39:30 [[35MHTTP[39M]: [35mPOST /api/auth/refresh-token 200 25 - 11.946 ms[39m
2025-08-08 19:39:30 [[35MHTTP[39M]: [35mGET /api/admin/users?page=1&limit=10 304 - - 15.489 ms[39m
2025-08-08 19:46:40 [[35MHTTP[39M]: [35mGET /api/admin/users?page=1&limit=10 304 - - 43.439 ms[39m
2025-08-08 19:46:40 [[35MHTTP[39M]: [35mGET /api/slots/slots/68944e66bd34817ccbaeca98 304 - - 11.617 ms[39m
2025-08-08 19:46:49 [[35MHTTP[39M]: [35mGET /api/admin/users?page=1&limit=10 304 - - 78.586 ms[39m
2025-08-08 19:46:49 [[35MHTTP[39M]: [35mGET /api/slots/slots/68944e66bd34817ccbaeca98 304 - - 22.707 ms[39m
2025-08-08 19:46:51 [[35MHTTP[39M]: [35mGET /api/admin/users?page=1&limit=10 304 - - 6.772 ms[39m
2025-08-08 19:46:51 [[35MHTTP[39M]: [35mGET /api/slots/slots/68944e66bd34817ccbaeca98 304 - - 12.588 ms[39m
2025-08-08 19:46:51 [[35MHTTP[39M]: [35mGET /api/admin/users?page=1&limit=10 304 - - 17.180 ms[39m
2025-08-08 19:46:55 [[35MHTTP[39M]: [35mGET /api/admin/users?page=1&limit=10 304 - - 923.976 ms[39m
2025-08-08 19:47:03 [[35MHTTP[39M]: [35mGET /api/slots/slots/68944e66bd34817ccbaeca98 304 - - 1248.167 ms[39m
2025-08-08 19:47:04 [[35MHTTP[39M]: [35mGET /api/admin/users?page=1&limit=10 304 - - 24.041 ms[39m
2025-08-08 19:47:05 [[35MHTTP[39M]: [35mGET /api/slots/slots/68944e66bd34817ccbaeca98 304 - - 13.140 ms[39m
2025-08-08 19:47:05 [[35MHTTP[39M]: [35mGET /api/admin/users?page=1&limit=10 304 - - 4.229 ms[39m
2025-08-08 19:47:16 [[35MHTTP[39M]: [35mGET /api/admin/users?page=1&limit=10 304 - - 363.241 ms[39m
2025-08-08 19:47:19 [[35MHTTP[39M]: [35mGET /api/slots/slots/68944e66bd34817ccbaeca98 304 - - 64.163 ms[39m
2025-08-08 19:47:20 [[35MHTTP[39M]: [35mGET /api/admin/users?page=1&limit=10 304 - - 72.280 ms[39m
2025-08-08 19:47:20 [[35MHTTP[39M]: [35mGET /api/slots/slots/68944e66bd34817ccbaeca98 304 - - 37.335 ms[39m
2025-08-08 19:47:40 [[35MHTTP[39M]: [35mGET /api/slots/slots/68944e66bd34817ccbaeca98 304 - - 7313.358 ms[39m
2025-08-08 19:47:46 [[35MHTTP[39M]: [35mGET /api/admin/users?page=1&limit=10 304 - - 55.447 ms[39m
2025-08-08 19:47:46 [[35MHTTP[39M]: [35mGET /api/admin/users?page=1&limit=10 304 - - 9.759 ms[39m
2025-08-08 19:47:47 [[35MHTTP[39M]: [35mGET /api/slots/slots/68944e66bd34817ccbaeca98 304 - - 11.481 ms[39m
2025-08-08 19:47:50 [[35MHTTP[39M]: [35mGET /api/admin/users?page=1&limit=10 304 - - 43.588 ms[39m
2025-08-08 19:47:50 [[35MHTTP[39M]: [35mGET /api/slots/slots/68944e66bd34817ccbaeca98 304 - - 45.174 ms[39m
2025-08-08 19:47:52 [[35MHTTP[39M]: [35mGET /api/admin/users?page=1&limit=10 200 581 - 128.273 ms[39m
2025-08-08 19:48:23 [[35MHTTP[39M]: [35mGET /api/admin/users?page=1&limit=10 304 - - 169.166 ms[39m
2025-08-08 19:48:23 [[35MHTTP[39M]: [35mGET /api/slots/slots/68944e66bd34817ccbaeca98 401 32 - 3.142 ms[39m
2025-08-08 19:48:25 [[35MHTTP[39M]: [35mPOST /api/auth/refresh-token 200 25 - 165.350 ms[39m
2025-08-08 19:48:46 [[35MHTTP[39M]: [35mGET /api/slots/slots/68944e66bd34817ccbaeca98 401 32 - 1126.599 ms[39m
2025-08-08 19:49:33 [[35MHTTP[39M]: [35mGET /api/admin/users?page=1&limit=10 304 - - 293.947 ms[39m
2025-08-08 19:49:33 [[35MHTTP[39M]: [35mPOST /api/auth/refresh-token 200 25 - 23.251 ms[39m
2025-08-08 19:49:34 [[35MHTTP[39M]: [35mGET /api/admin/users?page=1&limit=10 304 - - 11.464 ms[39m
2025-08-08 19:49:34 [[35MHTTP[39M]: [35mGET /api/slots/slots/68944e66bd34817ccbaeca98 304 - - 10.308 ms[39m
2025-08-08 19:49:44 [[35MHTTP[39M]: [35mGET /api/admin/users?page=1&limit=10 304 - - 5.028 ms[39m
2025-08-08 19:49:45 [[35MHTTP[39M]: [35mGET /api/slots/slots/68944e66bd34817ccbaeca98 304 - - 19.694 ms[39m
2025-08-08 19:49:45 [[35MHTTP[39M]: [35mGET /api/admin/users?page=1&limit=10 304 - - 6.447 ms[39m
2025-08-08 19:49:45 [[35MHTTP[39M]: [35mGET /api/admin/users?page=1&limit=10 304 - - 13.515 ms[39m
2025-08-08 19:49:46 [[35MHTTP[39M]: [35mGET /api/admin/users?page=1&limit=10 304 - - 94.326 ms[39m
2025-08-08 19:49:46 [[35MHTTP[39M]: [35mGET /api/slots/slots/68944e66bd34817ccbaeca98 304 - - 42.732 ms[39m
2025-08-08 19:49:49 [[35MHTTP[39M]: [35mGET /api/admin/users?page=1&limit=10 304 - - 16.578 ms[39m
2025-08-08 19:49:49 [[35MHTTP[39M]: [35mGET /api/slots/slots/68944e66bd34817ccbaeca98 304 - - 13.828 ms[39m
2025-08-08 19:49:51 [[35MHTTP[39M]: [35mGET /api/admin/users?page=1&limit=10 304 - - 144.372 ms[39m
2025-08-08 19:49:58 [[35MHTTP[39M]: [35mGET /api/slots/slots/68944e66bd34817ccbaeca98 304 - - 1440.751 ms[39m
2025-08-08 19:50:26 [[35MHTTP[39M]: [35mGET /api/admin/users?page=1&limit=10 304 - - 30.687 ms[39m
2025-08-08 19:50:27 [[35MHTTP[39M]: [35mGET /api/slots/slots/68944e66bd34817ccbaeca98 304 - - 11.869 ms[39m
2025-08-08 19:50:40 [[35MHTTP[39M]: [35mGET /api/admin/users?page=1&limit=10 304 - - 7.299 ms[39m
2025-08-08 19:50:41 [[35MHTTP[39M]: [35mGET /api/slots/slots/68944e66bd34817ccbaeca98 304 - - 16.766 ms[39m
2025-08-08 19:50:41 [[35MHTTP[39M]: [35mGET /api/admin/users?page=1&limit=10 304 - - 10.418 ms[39m
2025-08-08 19:50:42 [[35MHTTP[39M]: [35mGET /api/slots/slots/68944e66bd34817ccbaeca98 304 - - 14.591 ms[39m
2025-08-08 19:50:50 [[35MHTTP[39M]: [35mGET /api/admin/users?page=1&limit=10 304 - - 464.214 ms[39m
2025-08-08 19:50:58 [[35MHTTP[39M]: [35mGET /api/slots/slots/68944e66bd34817ccbaeca98 304 - - 5183.602 ms[39m
2025-08-08 19:51:10 [[35MHTTP[39M]: [35mGET /api/admin/users?page=1&limit=10 304 - - 35.508 ms[39m
2025-08-08 19:51:10 [[35MHTTP[39M]: [35mGET /api/slots/slots/68944e66bd34817ccbaeca98 304 - - 10.515 ms[39m
2025-08-08 19:53:33 [[35MHTTP[39M]: [35mGET /api/admin/users?page=1&limit=10 304 - - 49.174 ms[39m
2025-08-08 19:53:34 [[35MHTTP[39M]: [35mGET /api/auth/me 304 - - 0.694 ms[39m
2025-08-08 19:53:34 [[35MHTTP[39M]: [35mGET /api/auth/me 304 - - 1.055 ms[39m
2025-08-08 19:53:34 [[35MHTTP[39M]: [35mGET /api/patient/doctors 200 1973 - 15.033 ms[39m
2025-08-08 19:53:36 [[35MHTTP[39M]: [35mGET /api/slots/slots/68944e66bd34817ccbaeca98 304 - - 7.284 ms[39m
2025-08-08 19:53:43 [[35MHTTP[39M]: [35mPOST /api/auth/login 200 181 - 7.873 ms[39m
2025-08-08 19:53:49 [[35MHTTP[39M]: [35mGET /api/admin/users?page=1&limit=10 304 - - 5.041 ms[39m
2025-08-08 19:54:01 [[35MHTTP[39M]: [35mGET /api/admin/users?page=1&limit=10 304 - - 10.790 ms[39m
2025-08-08 19:54:01 [[35MHTTP[39M]: [35mGET /api/admin/users?page=1&limit=10 304 - - 10.805 ms[39m
2025-08-08 19:54:02 [[35MHTTP[39M]: [35mGET /api/admin/users?page=1&limit=10 304 - - 10.767 ms[39m
2025-08-08 19:54:02 [[35MHTTP[39M]: [35mGET /api/admin/users?page=1&limit=10 304 - - 9.242 ms[39m
2025-08-08 19:54:06 [[35MHTTP[39M]: [35mGET /api/admin/users?page=1&limit=10 304 - - 7.816 ms[39m
2025-08-08 19:54:06 [[35MHTTP[39M]: [35mGET /api/admin/users?page=1&limit=10 304 - - 10.964 ms[39m
2025-08-08 19:54:08 [[35MHTTP[39M]: [35mGET /api/admin/users?page=1&limit=10 304 - - 15.312 ms[39m
2025-08-08 19:54:08 [[35MHTTP[39M]: [35mGET /api/admin/users?page=1&limit=10 304 - - 13.261 ms[39m
2025-08-08 19:54:11 [[35MHTTP[39M]: [35mGET /api/admin/users?page=1&limit=10 304 - - 12.584 ms[39m
2025-08-08 19:55:28 [[35MHTTP[39M]: [35mGET /api/admin/users?page=1&limit=10 304 - - 5.007 ms[39m
2025-08-08 19:55:37 [[35MHTTP[39M]: [35mGET /api/admin/doctors?page=1&limit=10 200 1883 - 5.408 ms[39m
2025-08-08 19:55:39 [[35MHTTP[39M]: [35mGET /api/admin/users?page=1&limit=10 304 - - 3.116 ms[39m
2025-08-08 19:55:46 [[35MHTTP[39M]: [35mGET /api/admin/verification-list?page=1&limit=10 304 - - 2.840 ms[39m
2025-08-08 19:55:52 [[35MHTTP[39M]: [35mGET /api/admin/users?page=1&limit=10 304 - - 2.555 ms[39m
2025-08-09 09:11:57 [[35MHTTP[39M]: [35mGET /api/auth/me 304 - - 3.935 ms[39m
2025-08-09 09:11:57 [[35MHTTP[39M]: [35mGET /api/auth/me 304 - - 0.400 ms[39m
2025-08-09 09:11:57 [[35MHTTP[39M]: [35mGET /api/patient/doctors 401 32 - 0.677 ms[39m
2025-08-09 09:11:57 [[35MHTTP[39M]: [35mPOST /api/auth/refresh-token 200 25 - 14.753 ms[39m
2025-08-09 09:11:57 [[35MHTTP[39M]: [35mGET /api/patient/doctors 304 - - 14.644 ms[39m
2025-08-09 09:12:11 [[35MHTTP[39M]: [35mPOST /api/auth/login 200 1246 - 57.646 ms[39m
2025-08-09 09:12:13 [[35MHTTP[39M]: [35mGET /api/slots/slots/68944e66bd34817ccbaeca98 304 - - 13.380 ms[39m
2025-08-09 09:12:16 [[35MHTTP[39M]: [35mDELETE /api/slots/slots/689603a4d183b4ec18488a49 200 35 - 21.566 ms[39m
2025-08-09 09:12:16 [[35MHTTP[39M]: [35mGET /api/slots/slots/68944e66bd34817ccbaeca98 200 2 - 5.388 ms[39m
2025-08-09 09:12:48 [[32MINFO[39M]: [32mcreating new time slot......[39m
2025-08-09 09:12:48 [[32MINFO[39M]: [32mtime slot data is comming from the back end[39m
2025-08-09 09:12:48 [[35MHTTP[39M]: [35mPOST /api/slots/slots 201 35 - 16.548 ms[39m
2025-08-09 09:12:48 [[35MHTTP[39M]: [35mGET /api/slots/slots/68944e66bd34817ccbaeca98 200 348 - 8.127 ms[39m
2025-08-09 09:13:31 [[35MHTTP[39M]: [35mGET /api/slots/slots/68944e66bd34817ccbaeca98 304 - - 7.747 ms[39m
2025-08-09 09:45:07 [[35MHTTP[39M]: [35mGET /api/slots/slots/68944e66bd34817ccbaeca98 401 32 - 1.959 ms[39m
2025-08-09 09:45:07 [[35MHTTP[39M]: [35mPOST /api/auth/refresh-token 200 25 - 18.033 ms[39m
2025-08-09 09:45:07 [[35MHTTP[39M]: [35mGET /api/slots/slots/68944e66bd34817ccbaeca98 304 - - 13.583 ms[39m
2025-08-09 09:45:15 [[32MINFO[39M]: [32mcreating new time slot......[39m
2025-08-09 09:45:15 [[32MINFO[39M]: [32mtime slot data is comming from the back end[39m
2025-08-09 09:45:15 [[35MHTTP[39M]: [35mPOST /api/slots/slots 400 38 - 3.058 ms[39m
2025-08-09 09:45:16 [[35MHTTP[39M]: [35mDELETE /api/slots/slots/6896c3b8d90f7668c368c860 200 35 - 6.951 ms[39m
2025-08-09 09:45:16 [[35MHTTP[39M]: [35mGET /api/slots/slots/68944e66bd34817ccbaeca98 200 2 - 3.195 ms[39m
2025-08-09 09:45:17 [[32MINFO[39M]: [32mcreating new time slot......[39m
2025-08-09 09:45:17 [[32MINFO[39M]: [32mtime slot data is comming from the back end[39m
2025-08-09 09:45:17 [[35MHTTP[39M]: [35mPOST /api/slots/slots 201 35 - 11.576 ms[39m
2025-08-09 09:45:17 [[35MHTTP[39M]: [35mGET /api/slots/slots/68944e66bd34817ccbaeca98 200 348 - 7.216 ms[39m
